11:42:33.793 - === STARTING TEST: Successful Login ===
11:42:40.577 - âœ… STEP 1/6: Click 'Tap to Start' - SUCCESS
11:42:40.581 -    ğŸ“‹ Details: Element found and clicked successfully
11:42:44.709 - âœ… STEP 2/6: Click button on second screen - SUCCESS
11:42:44.711 -    ğŸ“‹ Details: Button found and clicked successfully
11:42:47.804 - âœ… STEP 3/6: Select 'Saw an advertisement' and click 'Continue' - SUCCESS
11:42:47.806 -    ğŸ“‹ Details: Both elements found and clicked successfully
11:42:52.474 - âœ… STEP 4/6: Enter email and click 'Sign in' - SUCCESS
11:42:52.478 -    ğŸ“‹ Details: Email entered and sign in button clicked successfully
11:43:00.611 - âœ… STEP 5/6: Click 'Login with Password' - SUCCESS
11:43:00.615 -    ğŸ“‹ Details: Login with Password button found and clicked successfully
11:43:04.430 - âœ… STEP 6/6: Enter password and click 'Sign in' - SUCCESS
11:43:04.431 -    ğŸ“‹ Details: Password entered and sign in button clicked successfully
11:43:06.594 - âœ… STEP VALIDATION: Check home page - SUCCESS
11:43:06.595 -    ğŸ“‹ Details: Home page displayed with Activity Streak: Activity Streak
0 Week Streak
Mon
Tue
Wed
Thu
Fri
Sat
Sun
11:43:06.598 - === TEST COMPLETED: Successful Login - PASSED ===
11:43:12.516 - === STARTING TEST: Invalid Email Login ===
11:43:18.143 - âœ… STEP 1/6: Click 'Tap to Start' - SUCCESS
11:43:18.151 -    ğŸ“‹ Details: Element found and clicked successfully
11:43:21.656 - âœ… STEP 2/6: Click button on second screen - SUCCESS
11:43:21.660 -    ğŸ“‹ Details: Button found and clicked successfully
11:43:24.761 - âœ… STEP 3/6: Select 'Saw an advertisement' and click 'Continue' - SUCCESS
11:43:24.765 -    ğŸ“‹ Details: Both elements found and clicked successfully
11:43:29.746 - âœ… STEP 4/6: Enter INVALID email and click 'Sign in' - SUCCESS
11:43:29.748 -    ğŸ“‹ Details: Invalid email entered and sign in button clicked successfully
11:43:33.428 - âœ… STEP 5/6: Click 'Login with Password' - SUCCESS
11:43:33.429 -    ğŸ“‹ Details: Login with Password button found and clicked successfully
11:43:37.660 - âœ… STEP 6/6: Enter password and click 'Sign in' - SUCCESS
11:43:37.666 -    ğŸ“‹ Details: Password entered and sign in button clicked successfully
11:43:37.738 - âœ… STEP VALIDATION: Check error message - SUCCESS
11:43:37.740 -    ğŸ“‹ Details: Error message displayed correctly: The supplied auth credential is incorrect, malformed or has expired.
11:43:37.743 - === TEST COMPLETED: Invalid Email Login - PASSED ===
11:43:43.262 - === STARTING TEST: Invalid Password Login ===
11:43:49.426 - âœ… STEP 1/6: Click 'Tap to Start' - SUCCESS
11:43:49.431 -    ğŸ“‹ Details: Element found and clicked successfully
11:43:52.931 - âœ… STEP 2/6: Click button on second screen - SUCCESS
11:43:52.934 -    ğŸ“‹ Details: Button found and clicked successfully
11:43:56.042 - âœ… STEP 3/6: Select 'Saw an advertisement' and click 'Continue' - SUCCESS
11:43:56.045 -    ğŸ“‹ Details: Both elements found and clicked successfully
11:44:01.081 - âœ… STEP 4/6: Enter email and click 'Sign in' - SUCCESS
11:44:01.084 -    ğŸ“‹ Details: Email entered and sign in button clicked successfully
11:44:04.839 - âœ… STEP 5/6: Click 'Login with Password' - SUCCESS
11:44:04.842 -    ğŸ“‹ Details: Login with Password button found and clicked successfully
11:44:09.737 - âœ… STEP 6/6: Enter INVALID password and click 'Sign in' - SUCCESS
11:44:09.740 -    ğŸ“‹ Details: Invalid password entered and sign in button clicked successfully
11:44:29.838 - âŒ STEP VALIDATION: Check error message - FAILED
11:44:29.840 -    ğŸ” Error Details: Error: An element could not be located on the page using the given search parameters.
For documentation on this error, please visit: https://www.selenium.dev/documentation/webdriver/troubleshooting/errors#no-such-element-exception
Build info: version: '4.11.0', revision: '040bc5406b'
System info: os.name: 'Mac OS X', os.arch: 'x86_64', os.version: '15.3.2', java.version: '21.0.8'
Driver info: io.appium.java_client.android.AndroidDriver
Command: [ce812b90-ff0d-406e-83de-4f448a48c8e6, findElement {using=xpath, value=//android.view.View[@content-desc="The supplied auth credential is incorrect, malformed or has expired."]}]
Capabilities {appium:appActivity: com.raising.prodigy.MainAct..., appium:appPackage: com.raising.prodigy, appium:autoGrantPermissions: true, appium:automationName: UiAutomator2, appium:databaseEnabled: false, appium:desired: {appActivity: com.raising.prodigy.MainAct..., appPackage: com.raising.prodigy, autoGrantPermissions: true, automationName: UiAutomator2, deviceName: emulator-5554, noReset: false, platformName: ANDROID, platformVersion: 16}, appium:deviceApiLevel: 36, appium:deviceManufacturer: Google, appium:deviceModel: sdk_gphone64_arm64, appium:deviceName: emulator-5554, appium:deviceScreenDensity: 420, appium:deviceScreenSize: 1080x2400, appium:deviceUDID: emulator-5554, appium:javascriptEnabled: true, appium:locationContextEnabled: false, appium:networkConnectionEnabled: true, appium:noReset: false, appium:pixelRatio: 2.625, appium:platformVersion: 16, appium:statBarHeight: 136, appium:takesScreenshot: true, appium:viewportRect: {height: 2264, left: 0, top: 136, width: 1080}, appium:warnings: {}, appium:webStorageEnabled: false, platformName: ANDROID}
Session ID: ce812b90-ff0d-406e-83de-4f448a48c8e6
11:44:40.595 - === STARTING TEST: Successful Login ===
11:44:47.466 - âœ… STEP 1/6: Click 'Tap to Start' - SUCCESS
11:44:47.469 -    ğŸ“‹ Details: Element found and clicked successfully
11:44:51.572 - âœ… STEP 2/6: Click button on second screen - SUCCESS
11:44:51.574 -    ğŸ“‹ Details: Button found and clicked successfully
11:44:54.661 - âœ… STEP 3/6: Select 'Saw an advertisement' and click 'Continue' - SUCCESS
11:44:54.666 -    ğŸ“‹ Details: Both elements found and clicked successfully
11:44:59.592 - âœ… STEP 4/6: Enter email and click 'Sign in' - SUCCESS
11:44:59.594 -    ğŸ“‹ Details: Email entered and sign in button clicked successfully
11:45:02.868 - âœ… STEP 5/6: Click 'Login with Password' - SUCCESS
11:45:02.870 -    ğŸ“‹ Details: Login with Password button found and clicked successfully
11:45:06.650 - âœ… STEP 6/6: Enter password and click 'Sign in' - SUCCESS
11:45:06.651 -    ğŸ“‹ Details: Password entered and sign in button clicked successfully
11:45:10.310 - âœ… STEP VALIDATION: Check home page - SUCCESS
11:45:10.311 -    ğŸ“‹ Details: Home page displayed with Activity Streak: Activity Streak
0 Week Streak
Mon
Tue
Wed
Thu
Fri
Sat
Sun
11:45:10.316 - === TEST COMPLETED: Successful Login - PASSED ===
11:49:32.610 - === STARTING TEST: Invalid Password Login ===
11:49:38.093 - âœ… STEP 1/6: Click 'Tap to Start' - SUCCESS
11:49:38.094 -    ğŸ“‹ Details: Element found and clicked successfully
11:49:41.591 - âœ… STEP 2/6: Click button on second screen - SUCCESS
11:49:41.591 -    ğŸ“‹ Details: Button found and clicked successfully
11:49:44.681 - âœ… STEP 3/6: Select 'Saw an advertisement' and click 'Continue' - SUCCESS
11:49:44.682 -    ğŸ“‹ Details: Both elements found and clicked successfully
11:49:49.216 - âœ… STEP 4/6: Enter email and click 'Sign in' - SUCCESS
11:49:49.217 -    ğŸ“‹ Details: Email entered and sign in button clicked successfully
11:49:52.485 - âœ… STEP 5/6: Click 'Login with Password' - SUCCESS
11:49:52.486 -    ğŸ“‹ Details: Login with Password button found and clicked successfully
11:49:56.728 - âœ… STEP 6/6: Enter INVALID password and click 'Sign in' - SUCCESS
11:49:56.729 -    ğŸ“‹ Details: Invalid password entered and sign in button clicked successfully
11:49:56.807 - âœ… STEP VALIDATION: Check error message - SUCCESS
11:49:56.807 -    ğŸ“‹ Details: Error message displayed correctly: The supplied auth credential is incorrect, malformed or has expired.
11:49:56.807 - === TEST COMPLETED: Invalid Password Login - PASSED ===
12:04:36.059 - === STARTING TEST: Invalid Password Login ===
12:04:51.379 - âœ… STEP 1/6: Click 'Tap to Start' - SUCCESS
12:04:51.380 -    ğŸ“‹ Details: Element found and clicked successfully
12:04:53.982 - âœ… STEP 2/6: Click button on second screen - SUCCESS
12:04:53.982 -    ğŸ“‹ Details: Button found and clicked successfully
12:04:57.053 - âœ… STEP 3/6: Select 'Saw an advertisement' and click 'Continue' - SUCCESS
12:04:57.054 -    ğŸ“‹ Details: Both elements found and clicked successfully
12:05:01.700 - âœ… STEP 4/6: Enter email and click 'Sign in' - SUCCESS
12:05:01.701 -    ğŸ“‹ Details: Email entered and sign in button clicked successfully
12:05:09.915 - âœ… STEP 5/6: Click 'Login with Password' - SUCCESS
12:05:09.916 -    ğŸ“‹ Details: Login with Password button found and clicked successfully
12:05:14.633 - âœ… STEP 6/6: Enter INVALID password and click 'Sign in' - SUCCESS
12:05:14.634 -    ğŸ“‹ Details: Invalid password entered and sign in button clicked successfully
12:05:14.707 - âœ… STEP VALIDATION: Check error message - SUCCESS
12:05:14.707 -    ğŸ“‹ Details: Error message displayed correctly: The supplied auth credential is incorrect, malformed or has expired.
12:05:14.708 - === TEST COMPLETED: Invalid Password Login - PASSED ===
12:18:54.320 - === STARTING TEST: Successful Login ===
12:19:01.049 - âœ… STEP 1/6: Click 'Tap to Start' - SUCCESS
12:19:01.052 -    ğŸ“‹ Details: Element found and clicked successfully
12:19:05.147 - âœ… STEP 2/6: Click button on second screen - SUCCESS
12:19:05.149 -    ğŸ“‹ Details: Button found and clicked successfully
12:19:08.220 - âœ… STEP 3/6: Select 'Saw an advertisement' and click 'Continue' - SUCCESS
12:19:08.223 -    ğŸ“‹ Details: Both elements found and clicked successfully
12:19:13.159 - âœ… STEP 4/6: Enter email and click 'Sign in' - SUCCESS
12:19:13.161 -    ğŸ“‹ Details: Email entered and sign in button clicked successfully
12:19:16.427 - âœ… STEP 5/6: Click 'Login with Password' - SUCCESS
12:19:16.429 -    ğŸ“‹ Details: Login with Password button found and clicked successfully
12:19:20.217 - âœ… STEP 6/6: Enter password and click 'Sign in' - SUCCESS
12:19:20.218 -    ğŸ“‹ Details: Password entered and sign in button clicked successfully
12:19:23.257 - âœ… STEP VALIDATION: Check home page - SUCCESS
12:19:23.258 -    ğŸ“‹ Details: Home page displayed with Activity Streak: Activity Streak
0 Week Streak
Mon
Tue
Wed
Thu
Fri
Sat
Sun
12:19:23.259 - === TEST COMPLETED: Successful Login - PASSED ===
12:19:28.509 - === STARTING TEST: Invalid Email Login ===
12:19:33.978 - âœ… STEP 1/6: Click 'Tap to Start' - SUCCESS
12:19:33.979 -    ğŸ“‹ Details: Element found and clicked successfully
12:19:37.480 - âœ… STEP 2/6: Click button on second screen - SUCCESS
12:19:37.484 -    ğŸ“‹ Details: Button found and clicked successfully
12:19:40.585 - âœ… STEP 3/6: Select 'Saw an advertisement' and click 'Continue' - SUCCESS
12:19:40.598 -    ğŸ“‹ Details: Both elements found and clicked successfully
12:19:45.567 - âœ… STEP 4/6: Enter INVALID email and click 'Sign in' - SUCCESS
12:19:45.571 -    ğŸ“‹ Details: Invalid email entered and sign in button clicked successfully
12:19:48.817 - âœ… STEP 5/6: Click 'Login with Password' - SUCCESS
12:19:48.819 -    ğŸ“‹ Details: Login with Password button found and clicked successfully
12:19:53.051 - âœ… STEP 6/6: Enter password and click 'Sign in' - SUCCESS
12:19:53.056 -    ğŸ“‹ Details: Password entered and sign in button clicked successfully
12:19:53.123 - âœ… STEP VALIDATION: Check error message - SUCCESS
12:19:53.132 -    ğŸ“‹ Details: Error message displayed correctly: The supplied auth credential is incorrect, malformed or has expired.
12:19:53.136 - === TEST COMPLETED: Invalid Email Login - PASSED ===
12:19:58.283 - === STARTING TEST: Invalid Password Login ===
12:20:03.858 - âœ… STEP 1/6: Click 'Tap to Start' - SUCCESS
12:20:03.861 -    ğŸ“‹ Details: Element found and clicked successfully
12:20:07.362 - âœ… STEP 2/6: Click button on second screen - SUCCESS
12:20:07.368 -    ğŸ“‹ Details: Button found and clicked successfully
12:20:10.448 - âœ… STEP 3/6: Select 'Saw an advertisement' and click 'Continue' - SUCCESS
12:20:10.450 -    ğŸ“‹ Details: Both elements found and clicked successfully
12:20:14.935 - âœ… STEP 4/6: Enter email and click 'Sign in' - SUCCESS
12:20:14.938 -    ğŸ“‹ Details: Email entered and sign in button clicked successfully
12:20:18.185 - âœ… STEP 5/6: Click 'Login with Password' - SUCCESS
12:20:18.186 -    ğŸ“‹ Details: Login with Password button found and clicked successfully
12:20:22.343 - âœ… STEP 6/6: Enter INVALID password and click 'Sign in' - SUCCESS
12:20:22.348 -    ğŸ“‹ Details: Invalid password entered and sign in button clicked successfully
12:20:22.900 - âœ… STEP VALIDATION: Check error message - SUCCESS
12:20:22.901 -    ğŸ“‹ Details: Error message displayed correctly: The supplied auth credential is incorrect, malformed or has expired.
12:20:22.904 - === TEST COMPLETED: Invalid Password Login - PASSED ===
12:20:32.943 - === STARTING TEST: Successful Login ===
12:20:40.292 - âœ… STEP 1/6: Click 'Tap to Start' - SUCCESS
12:20:40.294 -    ğŸ“‹ Details: Element found and clicked successfully
12:20:44.350 - âœ… STEP 2/6: Click button on second screen - SUCCESS
12:20:44.351 -    ğŸ“‹ Details: Button found and clicked successfully
12:20:47.397 - âœ… STEP 3/6: Select 'Saw an advertisement' and click 'Continue' - SUCCESS
12:20:47.399 -    ğŸ“‹ Details: Both elements found and clicked successfully
12:20:52.317 - âœ… STEP 4/6: Enter email and click 'Sign in' - SUCCESS
12:20:52.318 -    ğŸ“‹ Details: Email entered and sign in button clicked successfully
12:20:56.188 - âœ… STEP 5/6: Click 'Login with Password' - SUCCESS
12:20:56.191 -    ğŸ“‹ Details: Login with Password button found and clicked successfully
12:21:16.300 - âŒ STEP 6/6: Enter password and click 'Sign in' - FAILED
12:21:16.301 -    ğŸ” Error Details: Error: An element could not be located on the page using the given search parameters.
For documentation on this error, please visit: https://www.selenium.dev/documentation/webdriver/troubleshooting/errors#no-such-element-exception
Build info: version: '4.11.0', revision: '040bc5406b'
System info: os.name: 'Mac OS X', os.arch: 'x86_64', os.version: '15.3.2', java.version: '21.0.8'
Driver info: io.appium.java_client.android.AndroidDriver
Command: [b32c7076-6c1d-4d69-8e09-87c3988e1bb7, findElement {using=xpath, value=//android.widget.EditText}]
Capabilities {appium:appActivity: com.raising.prodigy.MainAct..., appium:appPackage: com.raising.prodigy, appium:autoGrantPermissions: true, appium:automationName: UiAutomator2, appium:databaseEnabled: false, appium:desired: {appActivity: com.raising.prodigy.MainAct..., appPackage: com.raising.prodigy, autoGrantPermissions: true, automationName: UiAutomator2, deviceName: emulator-5554, noReset: false, platformName: ANDROID, platformVersion: 16}, appium:deviceApiLevel: 36, appium:deviceManufacturer: Google, appium:deviceModel: sdk_gphone64_arm64, appium:deviceName: emulator-5554, appium:deviceScreenDensity: 420, appium:deviceScreenSize: 1080x2400, appium:deviceUDID: emulator-5554, appium:javascriptEnabled: true, appium:locationContextEnabled: false, appium:networkConnectionEnabled: true, appium:noReset: false, appium:pixelRatio: 2.625, appium:platformVersion: 16, appium:statBarHeight: 136, appium:takesScreenshot: true, appium:viewportRect: {height: 2264, left: 0, top: 136, width: 1080}, appium:warnings: {}, appium:webStorageEnabled: false, platformName: ANDROID}
Session ID: b32c7076-6c1d-4d69-8e09-87c3988e1bb7
15:14:03.699 - === STARTING TEST: Successful Login ===
15:14:10.803 - âœ… STEP 1/6: Click 'Tap to Start' - SUCCESS
15:14:10.809 -    ğŸ“‹ Details: Element found and clicked successfully
15:14:14.906 - âœ… STEP 2/6: Click button on second screen - SUCCESS
15:14:14.906 -    ğŸ“‹ Details: Button found and clicked successfully
15:14:17.959 - âœ… STEP 3/6: Select 'Saw an advertisement' and click 'Continue' - SUCCESS
15:14:17.961 -    ğŸ“‹ Details: Both elements found and clicked successfully
15:14:40.609 - âŒ STEP 4/6: Enter email and click 'Sign in' - FAILED
15:14:40.610 -    ğŸ” Error Details: Error: An element could not be located on the page using the given search parameters.
For documentation on this error, please visit: https://www.selenium.dev/documentation/webdriver/troubleshooting/errors#no-such-element-exception
Build info: version: '4.11.0', revision: '040bc5406b'
System info: os.name: 'Mac OS X', os.arch: 'x86_64', os.version: '15.3.2', java.version: '21.0.8'
Driver info: io.appium.java_client.android.AndroidDriver
Command: [6250ce32-fd26-4b8a-98f4-4569044b4d68, findElement {using=xpath, value=//android.widget.Button[@content-desc="Sign in"]}]
Capabilities {appium:appActivity: com.raising.prodigy.MainAct..., appium:appPackage: com.raising.prodigy, appium:autoGrantPermissions: true, appium:automationName: UiAutomator2, appium:databaseEnabled: false, appium:desired: {appActivity: com.raising.prodigy.MainAct..., appPackage: com.raising.prodigy, autoGrantPermissions: true, automationName: UiAutomator2, deviceName: emulator-5554, noReset: false, platformName: ANDROID, platformVersion: 16}, appium:deviceApiLevel: 36, appium:deviceManufacturer: Google, appium:deviceModel: sdk_gphone64_arm64, appium:deviceName: emulator-5554, appium:deviceScreenDensity: 420, appium:deviceScreenSize: 1080x2400, appium:deviceUDID: emulator-5554, appium:javascriptEnabled: true, appium:locationContextEnabled: false, appium:networkConnectionEnabled: true, appium:noReset: false, appium:pixelRatio: 2.625, appium:platformVersion: 16, appium:statBarHeight: 136, appium:takesScreenshot: true, appium:viewportRect: {height: 2264, left: 0, top: 136, width: 1080}, appium:warnings: {}, appium:webStorageEnabled: false, platformName: ANDROID}
Session ID: 6250ce32-fd26-4b8a-98f4-4569044b4d68
15:14:45.763 - === STARTING TEST: Invalid Email Login ===
15:14:51.448 - âœ… STEP 1/6: Click 'Tap to Start' - SUCCESS
15:14:51.450 -    ğŸ“‹ Details: Element found and clicked successfully
15:14:54.963 - âœ… STEP 2/6: Click button on second screen - SUCCESS
15:14:54.965 -    ğŸ“‹ Details: Button found and clicked successfully
15:14:58.094 - âœ… STEP 3/6: Select 'Saw an advertisement' and click 'Continue' - SUCCESS
15:14:58.096 -    ğŸ“‹ Details: Both elements found and clicked successfully
15:15:02.928 - âœ… STEP 4/6: Enter INVALID email and click 'Sign in' - SUCCESS
15:15:02.931 -    ğŸ“‹ Details: Invalid email entered and sign in button clicked successfully
15:15:09.785 - âœ… STEP 5/6: Click 'Login with Password' - SUCCESS
15:15:09.793 -    ğŸ“‹ Details: Login with Password button found and clicked successfully
15:15:13.900 - âœ… STEP 6/6: Enter password and click 'Sign in' - SUCCESS
15:15:13.905 -    ğŸ“‹ Details: Password entered and sign in button clicked successfully
15:15:14.001 - âœ… STEP VALIDATION: Check error message - SUCCESS
15:15:14.003 -    ğŸ“‹ Details: Error message displayed correctly: The supplied auth credential is incorrect, malformed or has expired.
15:15:14.007 - === TEST COMPLETED: Invalid Email Login - PASSED ===
15:15:19.439 - === STARTING TEST: Invalid Password Login ===
15:15:25.099 - âœ… STEP 1/6: Click 'Tap to Start' - SUCCESS
15:15:25.102 -    ğŸ“‹ Details: Element found and clicked successfully
15:15:28.569 - âœ… STEP 2/6: Click button on second screen - SUCCESS
15:15:28.575 -    ğŸ“‹ Details: Button found and clicked successfully
15:15:31.666 - âœ… STEP 3/6: Select 'Saw an advertisement' and click 'Continue' - SUCCESS
15:15:31.667 -    ğŸ“‹ Details: Both elements found and clicked successfully
15:15:36.198 - âœ… STEP 4/6: Enter email and click 'Sign in' - SUCCESS
15:15:36.202 -    ğŸ“‹ Details: Email entered and sign in button clicked successfully
15:15:39.441 - âœ… STEP 5/6: Click 'Login with Password' - SUCCESS
15:15:39.443 -    ğŸ“‹ Details: Login with Password button found and clicked successfully
15:15:43.183 - âœ… STEP 6/6: Enter INVALID password and click 'Sign in' - SUCCESS
15:15:43.188 -    ğŸ“‹ Details: Invalid password entered and sign in button clicked successfully
15:15:43.279 - âœ… STEP VALIDATION: Check error message - SUCCESS
15:15:43.281 -    ğŸ“‹ Details: Error message displayed correctly: The supplied auth credential is incorrect, malformed or has expired.
15:15:43.283 - === TEST COMPLETED: Invalid Password Login - PASSED ===
15:15:54.005 - === STARTING TEST: Successful Login ===
15:16:01.409 - âœ… STEP 1/6: Click 'Tap to Start' - SUCCESS
15:16:01.410 -    ğŸ“‹ Details: Element found and clicked successfully
15:16:05.505 - âœ… STEP 2/6: Click button on second screen - SUCCESS
15:16:05.507 -    ğŸ“‹ Details: Button found and clicked successfully
15:16:08.578 - âœ… STEP 3/6: Select 'Saw an advertisement' and click 'Continue' - SUCCESS
15:16:08.580 -    ğŸ“‹ Details: Both elements found and clicked successfully
15:16:13.312 - âœ… STEP 4/6: Enter email and click 'Sign in' - SUCCESS
15:16:13.318 -    ğŸ“‹ Details: Email entered and sign in button clicked successfully
15:16:17.124 - âœ… STEP 5/6: Click 'Login with Password' - SUCCESS
15:16:17.126 -    ğŸ“‹ Details: Login with Password button found and clicked successfully
15:16:37.201 - âŒ STEP 6/6: Enter password and click 'Sign in' - FAILED
15:16:37.205 -    ğŸ” Error Details: Error: An element could not be located on the page using the given search parameters.
For documentation on this error, please visit: https://www.selenium.dev/documentation/webdriver/troubleshooting/errors#no-such-element-exception
Build info: version: '4.11.0', revision: '040bc5406b'
System info: os.name: 'Mac OS X', os.arch: 'x86_64', os.version: '15.3.2', java.version: '21.0.8'
Driver info: io.appium.java_client.android.AndroidDriver
Command: [7e54b66d-f8d9-4e34-b0dc-41b9db15f28a, findElement {using=xpath, value=//android.widget.EditText}]
Capabilities {appium:appActivity: com.raising.prodigy.MainAct..., appium:appPackage: com.raising.prodigy, appium:autoGrantPermissions: true, appium:automationName: UiAutomator2, appium:databaseEnabled: false, appium:desired: {appActivity: com.raising.prodigy.MainAct..., appPackage: com.raising.prodigy, autoGrantPermissions: true, automationName: UiAutomator2, deviceName: emulator-5554, noReset: false, platformName: ANDROID, platformVersion: 16}, appium:deviceApiLevel: 36, appium:deviceManufacturer: Google, appium:deviceModel: sdk_gphone64_arm64, appium:deviceName: emulator-5554, appium:deviceScreenDensity: 420, appium:deviceScreenSize: 1080x2400, appium:deviceUDID: emulator-5554, appium:javascriptEnabled: true, appium:locationContextEnabled: false, appium:networkConnectionEnabled: true, appium:noReset: false, appium:pixelRatio: 2.625, appium:platformVersion: 16, appium:statBarHeight: 136, appium:takesScreenshot: true, appium:viewportRect: {height: 2264, left: 0, top: 136, width: 1080}, appium:warnings: {}, appium:webStorageEnabled: false, platformName: ANDROID}
Session ID: 7e54b66d-f8d9-4e34-b0dc-41b9db15f28a
15:27:58.502 - === STARTING TEST: Invalid Password Login ===
15:28:03.879 - âœ… STEP 1/6: Click 'Tap to Start' - SUCCESS
15:28:03.879 -    ğŸ“‹ Details: Element found and clicked successfully
15:28:06.484 - âœ… STEP 2/6: Click button on second screen - SUCCESS
15:28:06.484 -    ğŸ“‹ Details: Button found and clicked successfully
15:28:09.536 - âœ… STEP 3/6: Select 'Saw an advertisement' and click 'Continue' - SUCCESS
15:28:09.537 -    ğŸ“‹ Details: Both elements found and clicked successfully
15:28:14.020 - âœ… STEP 4/6: Enter email and click 'Sign in' - SUCCESS
15:28:14.021 -    ğŸ“‹ Details: Email entered and sign in button clicked successfully
15:28:22.127 - âœ… STEP 5/6: Click 'Login with Password' - SUCCESS
15:28:22.127 -    ğŸ“‹ Details: Login with Password button found and clicked successfully
15:28:26.273 - âœ… STEP 6/6: Enter INVALID password and click 'Sign in' - SUCCESS
15:28:26.273 -    ğŸ“‹ Details: Invalid password entered and sign in button clicked successfully
15:28:26.347 - âœ… STEP VALIDATION: Check error message - SUCCESS
15:28:26.347 -    ğŸ“‹ Details: Error message displayed correctly: The supplied auth credential is incorrect, malformed or has expired.
15:28:26.348 - === TEST COMPLETED: Invalid Password Login - PASSED ===
15:30:58.584 - === STARTING TEST: Successful Login ===
15:31:10.715 - âœ… STEP 1/6: Click 'Tap to Start' - SUCCESS
15:31:10.719 -    ğŸ“‹ Details: Element found and clicked successfully
15:31:14.819 - âœ… STEP 2/6: Click button on second screen - SUCCESS
15:31:14.820 -    ğŸ“‹ Details: Button found and clicked successfully
15:31:17.857 - âœ… STEP 3/6: Select 'Saw an advertisement' and click 'Continue' - SUCCESS
15:31:17.860 -    ğŸ“‹ Details: Both elements found and clicked successfully
15:31:22.351 - âœ… STEP 4/6: Enter email and click 'Sign in' - SUCCESS
15:31:22.353 -    ğŸ“‹ Details: Email entered and sign in button clicked successfully
15:31:25.653 - âœ… STEP 5/6: Click 'Login with Password' - SUCCESS
15:31:25.656 -    ğŸ“‹ Details: Login with Password button found and clicked successfully
15:31:29.437 - âœ… STEP 6/6: Enter password and click 'Sign in' - SUCCESS
15:31:29.438 -    ğŸ“‹ Details: Password entered and sign in button clicked successfully
15:31:31.389 - âœ… STEP VALIDATION: Check home page - SUCCESS
15:31:31.389 -    ğŸ“‹ Details: Home page displayed with Activity Streak: Activity Streak
0 Week Streak
Mon
Tue
Wed
Thu
Fri
Sat
Sun
15:31:31.391 - === TEST COMPLETED: Successful Login - PASSED ===
15:31:36.997 - === STARTING TEST: Invalid Email Login ===
15:31:42.355 - âœ… STEP 1/6: Click 'Tap to Start' - SUCCESS
15:31:42.359 -    ğŸ“‹ Details: Element found and clicked successfully
15:31:45.837 - âœ… STEP 2/6: Click button on second screen - SUCCESS
15:31:45.841 -    ğŸ“‹ Details: Button found and clicked successfully
15:31:48.961 - âœ… STEP 3/6: Select 'Saw an advertisement' and click 'Continue' - SUCCESS
15:31:48.962 -    ğŸ“‹ Details: Both elements found and clicked successfully
15:31:54.390 - âœ… STEP 4/6: Enter INVALID email and click 'Sign in' - SUCCESS
15:31:54.393 -    ğŸ“‹ Details: Invalid email entered and sign in button clicked successfully
15:32:02.057 - âœ… STEP 5/6: Click 'Login with Password' - SUCCESS
15:32:02.061 -    ğŸ“‹ Details: Login with Password button found and clicked successfully
15:32:06.237 - âœ… STEP 6/6: Enter password and click 'Sign in' - SUCCESS
15:32:06.242 -    ğŸ“‹ Details: Password entered and sign in button clicked successfully
15:32:06.323 - âœ… STEP VALIDATION: Check error message - SUCCESS
15:32:06.326 -    ğŸ“‹ Details: Error message displayed correctly: The supplied auth credential is incorrect, malformed or has expired.
15:32:06.329 - === TEST COMPLETED: Invalid Email Login - PASSED ===
15:32:11.635 - === STARTING TEST: Invalid Password Login ===
15:32:17.683 - âœ… STEP 1/6: Click 'Tap to Start' - SUCCESS
15:32:17.689 -    ğŸ“‹ Details: Element found and clicked successfully
15:32:21.181 - âœ… STEP 2/6: Click button on second screen - SUCCESS
15:32:21.187 -    ğŸ“‹ Details: Button found and clicked successfully
15:32:23.400 - âœ… STEP 3/6: Select 'Saw an advertisement' and click 'Continue' - SUCCESS
15:32:23.402 -    ğŸ“‹ Details: Both elements found and clicked successfully
15:32:27.905 - âœ… STEP 4/6: Enter email and click 'Sign in' - SUCCESS
15:32:27.907 -    ğŸ“‹ Details: Email entered and sign in button clicked successfully
15:32:31.486 - âœ… STEP 5/6: Click 'Login with Password' - SUCCESS
15:32:31.488 -    ğŸ“‹ Details: Login with Password button found and clicked successfully
15:32:51.589 - âŒ STEP 6/6: Enter INVALID password and click 'Sign in' - FAILED
15:32:51.592 -    ğŸ” Error Details: Error: An element could not be located on the page using the given search parameters.
For documentation on this error, please visit: https://www.selenium.dev/documentation/webdriver/troubleshooting/errors#no-such-element-exception
Build info: version: '4.11.0', revision: '040bc5406b'
System info: os.name: 'Mac OS X', os.arch: 'x86_64', os.version: '15.3.2', java.version: '21.0.8'
Driver info: io.appium.java_client.android.AndroidDriver
Command: [0225fafc-fd12-4779-b818-7d50e111ebc2, findElement {using=xpath, value=//android.widget.EditText}]
Capabilities {appium:appActivity: com.raising.prodigy.MainAct..., appium:appPackage: com.raising.prodigy, appium:autoGrantPermissions: true, appium:automationName: UiAutomator2, appium:databaseEnabled: false, appium:desired: {appActivity: com.raising.prodigy.MainAct..., appPackage: com.raising.prodigy, autoGrantPermissions: true, automationName: UiAutomator2, deviceName: emulator-5554, noReset: false, platformName: ANDROID, platformVersion: 16}, appium:deviceApiLevel: 36, appium:deviceManufacturer: Google, appium:deviceModel: sdk_gphone64_arm64, appium:deviceName: emulator-5554, appium:deviceScreenDensity: 420, appium:deviceScreenSize: 1080x2400, appium:deviceUDID: emulator-5554, appium:javascriptEnabled: true, appium:locationContextEnabled: false, appium:networkConnectionEnabled: true, appium:noReset: false, appium:pixelRatio: 2.625, appium:platformVersion: 16, appium:statBarHeight: 136, appium:takesScreenshot: true, appium:viewportRect: {height: 2264, left: 0, top: 136, width: 1080}, appium:warnings: {}, appium:webStorageEnabled: false, platformName: ANDROID}
Session ID: 0225fafc-fd12-4779-b818-7d50e111ebc2
15:33:01.829 - === STARTING TEST: Successful Login ===
15:33:08.357 - âœ… STEP 1/6: Click 'Tap to Start' - SUCCESS
15:33:08.359 -    ğŸ“‹ Details: Element found and clicked successfully
15:33:48.632 - âŒ STEP 2/6: Click button on second screen - FAILED
15:33:48.637 -    ğŸ” Error Details: Error: An element could not be located on the page using the given search parameters.
For documentation on this error, please visit: https://www.selenium.dev/documentation/webdriver/troubleshooting/errors#no-such-element-exception
Build info: version: '4.11.0', revision: '040bc5406b'
System info: os.name: 'Mac OS X', os.arch: 'x86_64', os.version: '15.3.2', java.version: '21.0.8'
Driver info: io.appium.java_client.android.AndroidDriver
Command: [07dc9fe8-197e-4818-8083-90e8478ea694, findElement {using=xpath, value=//android.widget.Button}]
Capabilities {appium:appActivity: com.raising.prodigy.MainAct..., appium:appPackage: com.raising.prodigy, appium:autoGrantPermissions: true, appium:automationName: UiAutomator2, appium:databaseEnabled: false, appium:desired: {appActivity: com.raising.prodigy.MainAct..., appPackage: com.raising.prodigy, autoGrantPermissions: true, automationName: UiAutomator2, deviceName: emulator-5554, noReset: false, platformName: ANDROID, platformVersion: 16}, appium:deviceApiLevel: 36, appium:deviceManufacturer: Google, appium:deviceModel: sdk_gphone64_arm64, appium:deviceName: emulator-5554, appium:deviceScreenDensity: 420, appium:deviceScreenSize: 1080x2400, appium:deviceUDID: emulator-5554, appium:javascriptEnabled: true, appium:locationContextEnabled: false, appium:networkConnectionEnabled: true, appium:noReset: false, appium:pixelRatio: 2.625, appium:platformVersion: 16, appium:statBarHeight: 136, appium:takesScreenshot: true, appium:viewportRect: {height: 2264, left: 0, top: 136, width: 1080}, appium:warnings: {}, appium:webStorageEnabled: false, platformName: ANDROID}
Session ID: 07dc9fe8-197e-4818-8083-90e8478ea694
15:35:10.441 - === STARTING TEST: Invalid Password Login ===
15:35:26.285 - âœ… STEP 1/6: Click 'Tap to Start' - SUCCESS
15:35:26.286 -    ğŸ“‹ Details: Element found and clicked successfully
15:35:28.885 - âœ… STEP 2/6: Click button on second screen - SUCCESS
15:35:28.885 -    ğŸ“‹ Details: Button found and clicked successfully
15:35:31.938 - âœ… STEP 3/6: Select 'Saw an advertisement' and click 'Continue' - SUCCESS
15:35:31.939 -    ğŸ“‹ Details: Both elements found and clicked successfully
15:35:36.886 - âœ… STEP 4/6: Enter email and click 'Sign in' - SUCCESS
15:35:36.887 -    ğŸ“‹ Details: Email entered and sign in button clicked successfully
15:35:40.126 - âœ… STEP 5/6: Click 'Login with Password' - SUCCESS
15:35:40.127 -    ğŸ“‹ Details: Login with Password button found and clicked successfully
15:35:44.304 - âœ… STEP 6/6: Enter INVALID password and click 'Sign in' - SUCCESS
15:35:44.305 -    ğŸ“‹ Details: Invalid password entered and sign in button clicked successfully
15:35:44.373 - âœ… STEP VALIDATION: Check error message - SUCCESS
15:35:44.373 -    ğŸ“‹ Details: Error message displayed correctly: The supplied auth credential is incorrect, malformed or has expired.
15:35:44.374 - === TEST COMPLETED: Invalid Password Login - PASSED ===
15:37:21.919 - === STARTING TEST: Successful Login ===
15:37:33.864 - âœ… STEP 1/6: Click 'Tap to Start' - SUCCESS
15:37:33.867 -    ğŸ“‹ Details: Element found and clicked successfully
15:37:37.957 - âœ… STEP 2/6: Click button on second screen - SUCCESS
15:37:37.958 -    ğŸ“‹ Details: Button found and clicked successfully
15:37:41.025 - âœ… STEP 3/6: Select 'Saw an advertisement' and click 'Continue' - SUCCESS
15:37:41.028 -    ğŸ“‹ Details: Both elements found and clicked successfully
15:37:45.799 - âœ… STEP 4/6: Enter email and click 'Sign in' - SUCCESS
15:37:45.800 -    ğŸ“‹ Details: Email entered and sign in button clicked successfully
15:37:49.070 - âœ… STEP 5/6: Click 'Login with Password' - SUCCESS
15:37:49.072 -    ğŸ“‹ Details: Login with Password button found and clicked successfully
15:37:53.294 - âœ… STEP 6/6: Enter password and click 'Sign in' - SUCCESS
15:37:53.295 -    ğŸ“‹ Details: Password entered and sign in button clicked successfully
15:37:56.465 - âœ… STEP VALIDATION: Check home page - SUCCESS
15:37:56.465 -    ğŸ“‹ Details: Home page displayed with Activity Streak: Activity Streak
0 Week Streak
Mon
Tue
Wed
Thu
Fri
Sat
Sun
15:37:56.466 - === TEST COMPLETED: Successful Login - PASSED ===
15:38:02.184 - === STARTING TEST: Invalid Email Login ===
15:38:07.757 - âœ… STEP 1/6: Click 'Tap to Start' - SUCCESS
15:38:07.763 -    ğŸ“‹ Details: Element found and clicked successfully
15:38:11.248 - âœ… STEP 2/6: Click button on second screen - SUCCESS
15:38:11.250 -    ğŸ“‹ Details: Button found and clicked successfully
15:38:14.340 - âœ… STEP 3/6: Select 'Saw an advertisement' and click 'Continue' - SUCCESS
15:38:14.343 -    ğŸ“‹ Details: Both elements found and clicked successfully
15:38:18.823 - âœ… STEP 4/6: Enter INVALID email and click 'Sign in' - SUCCESS
15:38:18.825 -    ğŸ“‹ Details: Invalid email entered and sign in button clicked successfully
15:38:22.088 - âœ… STEP 5/6: Click 'Login with Password' - SUCCESS
15:38:22.090 -    ğŸ“‹ Details: Login with Password button found and clicked successfully
15:38:26.259 - âœ… STEP 6/6: Enter password and click 'Sign in' - SUCCESS
15:38:26.261 -    ğŸ“‹ Details: Password entered and sign in button clicked successfully
15:38:26.328 - âœ… STEP VALIDATION: Check error message - SUCCESS
15:38:26.335 -    ğŸ“‹ Details: Error message displayed correctly: The supplied auth credential is incorrect, malformed or has expired.
15:38:26.340 - === TEST COMPLETED: Invalid Email Login - PASSED ===
15:38:31.773 - === STARTING TEST: Invalid Password Login ===
15:38:37.469 - âœ… STEP 1/6: Click 'Tap to Start' - SUCCESS
15:38:37.472 -    ğŸ“‹ Details: Element found and clicked successfully
15:38:40.984 - âœ… STEP 2/6: Click button on second screen - SUCCESS
15:38:40.989 -    ğŸ“‹ Details: Button found and clicked successfully
15:38:44.369 - âœ… STEP 3/6: Select 'Saw an advertisement' and click 'Continue' - SUCCESS
15:38:44.374 -    ğŸ“‹ Details: Both elements found and clicked successfully
15:38:48.861 - âœ… STEP 4/6: Enter email and click 'Sign in' - SUCCESS
15:38:48.862 -    ğŸ“‹ Details: Email entered and sign in button clicked successfully
15:38:52.128 - âœ… STEP 5/6: Click 'Login with Password' - SUCCESS
15:38:52.132 -    ğŸ“‹ Details: Login with Password button found and clicked successfully
15:38:55.885 - âœ… STEP 6/6: Enter INVALID password and click 'Sign in' - SUCCESS
15:38:55.887 -    ğŸ“‹ Details: Invalid password entered and sign in button clicked successfully
15:38:55.962 - âœ… STEP VALIDATION: Check error message - SUCCESS
15:38:55.963 -    ğŸ“‹ Details: Error message displayed correctly: The supplied auth credential is incorrect, malformed or has expired.
15:38:55.965 - === TEST COMPLETED: Invalid Password Login - PASSED ===
15:39:06.266 - === STARTING TEST: Successful Login ===
15:39:13.622 - âœ… STEP 1/6: Click 'Tap to Start' - SUCCESS
15:39:13.623 -    ğŸ“‹ Details: Element found and clicked successfully
15:39:17.711 - âœ… STEP 2/6: Click button on second screen - SUCCESS
15:39:17.713 -    ğŸ“‹ Details: Button found and clicked successfully
15:39:20.769 - âœ… STEP 3/6: Select 'Saw an advertisement' and click 'Continue' - SUCCESS
15:39:20.771 -    ğŸ“‹ Details: Both elements found and clicked successfully
15:39:25.725 - âœ… STEP 4/6: Enter email and click 'Sign in' - SUCCESS
15:39:25.728 -    ğŸ“‹ Details: Email entered and sign in button clicked successfully
15:39:29.406 - âœ… STEP 5/6: Click 'Login with Password' - SUCCESS
15:39:29.409 -    ğŸ“‹ Details: Login with Password button found and clicked successfully
15:39:49.515 - âŒ STEP 6/6: Enter password and click 'Sign in' - FAILED
15:39:49.517 -    ğŸ” Error Details: Error: An element could not be located on the page using the given search parameters.
For documentation on this error, please visit: https://www.selenium.dev/documentation/webdriver/troubleshooting/errors#no-such-element-exception
Build info: version: '4.11.0', revision: '040bc5406b'
System info: os.name: 'Mac OS X', os.arch: 'x86_64', os.version: '15.3.2', java.version: '21.0.8'
Driver info: io.appium.java_client.android.AndroidDriver
Command: [85f15114-6f86-4dd4-ab92-e4375cd4a1ca, findElement {using=xpath, value=//android.widget.EditText}]
Capabilities {appium:appActivity: com.raising.prodigy.MainAct..., appium:appPackage: com.raising.prodigy, appium:autoGrantPermissions: true, appium:automationName: UiAutomator2, appium:databaseEnabled: false, appium:desired: {appActivity: com.raising.prodigy.MainAct..., appPackage: com.raising.prodigy, autoGrantPermissions: true, automationName: UiAutomator2, deviceName: emulator-5554, noReset: false, platformName: ANDROID, platformVersion: 16}, appium:deviceApiLevel: 36, appium:deviceManufacturer: Google, appium:deviceModel: sdk_gphone64_arm64, appium:deviceName: emulator-5554, appium:deviceScreenDensity: 420, appium:deviceScreenSize: 1080x2400, appium:deviceUDID: emulator-5554, appium:javascriptEnabled: true, appium:locationContextEnabled: false, appium:networkConnectionEnabled: true, appium:noReset: false, appium:pixelRatio: 2.625, appium:platformVersion: 16, appium:statBarHeight: 136, appium:takesScreenshot: true, appium:viewportRect: {height: 2264, left: 0, top: 136, width: 1080}, appium:warnings: {}, appium:webStorageEnabled: false, platformName: ANDROID}
Session ID: 85f15114-6f86-4dd4-ab92-e4375cd4a1ca
15:41:07.179 - === STARTING TEST: Successful Login ===
15:41:19.369 - âœ… STEP 1/6: Click 'Tap to Start' - SUCCESS
15:41:19.373 -    ğŸ“‹ Details: Element found and clicked successfully
15:41:23.483 - âœ… STEP 2/6: Click button on second screen - SUCCESS
15:41:23.487 -    ğŸ“‹ Details: Button found and clicked successfully
15:41:26.558 - âœ… STEP 3/6: Select 'Saw an advertisement' and click 'Continue' - SUCCESS
15:41:26.559 -    ğŸ“‹ Details: Both elements found and clicked successfully
15:41:31.599 - âœ… STEP 4/6: Enter email and click 'Sign in' - SUCCESS
15:41:31.601 -    ğŸ“‹ Details: Email entered and sign in button clicked successfully
15:41:39.138 - âœ… STEP 5/6: Click 'Login with Password' - SUCCESS
15:41:39.142 -    ğŸ“‹ Details: Login with Password button found and clicked successfully
15:41:43.307 - âœ… STEP 6/6: Enter password and click 'Sign in' - SUCCESS
15:41:43.308 -    ğŸ“‹ Details: Password entered and sign in button clicked successfully
15:41:44.795 - âœ… STEP VALIDATION: Check home page - SUCCESS
15:41:44.796 -    ğŸ“‹ Details: Home page displayed with Activity Streak: Activity Streak
0 Week Streak
Mon
Tue
Wed
Thu
Fri
Sat
Sun
15:41:44.797 - === TEST COMPLETED: Successful Login - PASSED ===
15:41:50.514 - === STARTING TEST: Invalid Email Login ===
15:41:56.159 - âœ… STEP 1/6: Click 'Tap to Start' - SUCCESS
15:41:56.163 -    ğŸ“‹ Details: Element found and clicked successfully
15:41:59.639 - âœ… STEP 2/6: Click button on second screen - SUCCESS
15:41:59.643 -    ğŸ“‹ Details: Button found and clicked successfully
15:42:02.746 - âœ… STEP 3/6: Select 'Saw an advertisement' and click 'Continue' - SUCCESS
15:42:02.752 -    ğŸ“‹ Details: Both elements found and clicked successfully
15:42:07.226 - âœ… STEP 4/6: Enter INVALID email and click 'Sign in' - SUCCESS
15:42:07.232 -    ğŸ“‹ Details: Invalid email entered and sign in button clicked successfully
15:42:10.507 - âœ… STEP 5/6: Click 'Login with Password' - SUCCESS
15:42:10.512 -    ğŸ“‹ Details: Login with Password button found and clicked successfully
15:42:13.809 - âœ… STEP 6/6: Enter password and click 'Sign in' - SUCCESS
15:42:13.813 -    ğŸ“‹ Details: Password entered and sign in button clicked successfully
15:42:13.886 - âœ… STEP VALIDATION: Check error message - SUCCESS
15:42:13.892 -    ğŸ“‹ Details: Error message displayed correctly: The supplied auth credential is incorrect, malformed or has expired.
15:42:13.896 - === TEST COMPLETED: Invalid Email Login - PASSED ===
15:42:19.367 - === STARTING TEST: Invalid Password Login ===
15:42:25.083 - âœ… STEP 1/6: Click 'Tap to Start' - SUCCESS
15:42:25.085 -    ğŸ“‹ Details: Element found and clicked successfully
15:42:28.583 - âœ… STEP 2/6: Click button on second screen - SUCCESS
15:42:28.585 -    ğŸ“‹ Details: Button found and clicked successfully
15:42:31.676 - âœ… STEP 3/6: Select 'Saw an advertisement' and click 'Continue' - SUCCESS
15:42:31.682 -    ğŸ“‹ Details: Both elements found and clicked successfully
15:42:36.700 - âœ… STEP 4/6: Enter email and click 'Sign in' - SUCCESS
15:42:36.701 -    ğŸ“‹ Details: Email entered and sign in button clicked successfully
15:42:39.977 - âœ… STEP 5/6: Click 'Login with Password' - SUCCESS
15:42:39.979 -    ğŸ“‹ Details: Login with Password button found and clicked successfully
15:42:44.287 - âœ… STEP 6/6: Enter INVALID password and click 'Sign in' - SUCCESS
15:42:44.289 -    ğŸ“‹ Details: Invalid password entered and sign in button clicked successfully
15:42:44.361 - âœ… STEP VALIDATION: Check error message - SUCCESS
15:42:44.361 -    ğŸ“‹ Details: Error message displayed correctly: The supplied auth credential is incorrect, malformed or has expired.
15:42:44.363 - === TEST COMPLETED: Invalid Password Login - PASSED ===
15:42:54.750 - === STARTING TEST: Successful Login ===
15:43:02.294 - âœ… STEP 1/6: Click 'Tap to Start' - SUCCESS
15:43:02.296 -    ğŸ“‹ Details: Element found and clicked successfully
15:43:06.388 - âœ… STEP 2/6: Click button on second screen - SUCCESS
15:43:06.389 -    ğŸ“‹ Details: Button found and clicked successfully
15:43:09.437 - âœ… STEP 3/6: Select 'Saw an advertisement' and click 'Continue' - SUCCESS
15:43:09.440 -    ğŸ“‹ Details: Both elements found and clicked successfully
15:43:14.428 - âœ… STEP 4/6: Enter email and click 'Sign in' - SUCCESS
15:43:14.429 -    ğŸ“‹ Details: Email entered and sign in button clicked successfully
15:43:34.513 - âŒ STEP 5/6: Click 'Login with Password' - FAILED
15:43:34.514 -    ğŸ” Error Details: Error: An element could not be located on the page using the given search parameters.
For documentation on this error, please visit: https://www.selenium.dev/documentation/webdriver/troubleshooting/errors#no-such-element-exception
Build info: version: '4.11.0', revision: '040bc5406b'
System info: os.name: 'Mac OS X', os.arch: 'x86_64', os.version: '15.3.2', java.version: '21.0.8'
Driver info: io.appium.java_client.android.AndroidDriver
Command: [638c317b-4d51-430e-b00f-773e259c755b, findElement {using=xpath, value=//android.widget.Button[@content-desc="Login with Password"]}]
Capabilities {appium:appActivity: com.raising.prodigy.MainAct..., appium:appPackage: com.raising.prodigy, appium:autoGrantPermissions: true, appium:automationName: UiAutomator2, appium:databaseEnabled: false, appium:desired: {appActivity: com.raising.prodigy.MainAct..., appPackage: com.raising.prodigy, autoGrantPermissions: true, automationName: UiAutomator2, deviceName: emulator-5554, noReset: false, platformName: ANDROID, platformVersion: 16}, appium:deviceApiLevel: 36, appium:deviceManufacturer: Google, appium:deviceModel: sdk_gphone64_arm64, appium:deviceName: emulator-5554, appium:deviceScreenDensity: 420, appium:deviceScreenSize: 1080x2400, appium:deviceUDID: emulator-5554, appium:javascriptEnabled: true, appium:locationContextEnabled: false, appium:networkConnectionEnabled: true, appium:noReset: false, appium:pixelRatio: 2.625, appium:platformVersion: 16, appium:statBarHeight: 136, appium:takesScreenshot: true, appium:viewportRect: {height: 2264, left: 0, top: 136, width: 1080}, appium:warnings: {}, appium:webStorageEnabled: false, platformName: ANDROID}
Session ID: 638c317b-4d51-430e-b00f-773e259c755b
15:45:48.129 - === STARTING TEST: Successful Login ===
15:45:55.214 - âœ… STEP 1/6: Click 'Tap to Start' - SUCCESS
15:45:55.218 -    ğŸ“‹ Details: Element found and clicked successfully
15:45:59.311 - âœ… STEP 2/6: Click button on second screen - SUCCESS
15:45:59.313 -    ğŸ“‹ Details: Button found and clicked successfully
15:46:02.361 - âœ… STEP 3/6: Select 'Saw an advertisement' and click 'Continue' - SUCCESS
15:46:02.364 -    ğŸ“‹ Details: Both elements found and clicked successfully
15:46:07.153 - âœ… STEP 4/6: Enter email and click 'Sign in' - SUCCESS
15:46:07.155 -    ğŸ“‹ Details: Email entered and sign in button clicked successfully
15:46:10.424 - âœ… STEP 5/6: Click 'Login with Password' - SUCCESS
15:46:10.426 -    ğŸ“‹ Details: Login with Password button found and clicked successfully
15:46:14.180 - âœ… STEP 6/6: Enter password and click 'Sign in' - SUCCESS
15:46:14.181 -    ğŸ“‹ Details: Password entered and sign in button clicked successfully
15:46:15.933 - âœ… STEP VALIDATION: Check home page - SUCCESS
15:46:15.934 -    ğŸ“‹ Details: Home page displayed with Activity Streak: Activity Streak
0 Week Streak
Mon
Tue
Wed
Thu
Fri
Sat
Sun
15:46:15.935 - === TEST COMPLETED: Successful Login - PASSED ===
15:46:21.790 - === STARTING TEST: Invalid Email Login ===
15:46:27.363 - âœ… STEP 1/6: Click 'Tap to Start' - SUCCESS
15:46:27.370 -    ğŸ“‹ Details: Element found and clicked successfully
15:46:30.862 - âœ… STEP 2/6: Click button on second screen - SUCCESS
15:46:30.866 -    ğŸ“‹ Details: Button found and clicked successfully
15:46:33.966 - âœ… STEP 3/6: Select 'Saw an advertisement' and click 'Continue' - SUCCESS
15:46:33.970 -    ğŸ“‹ Details: Both elements found and clicked successfully
15:46:38.415 - âœ… STEP 4/6: Enter INVALID email and click 'Sign in' - SUCCESS
15:46:38.416 -    ğŸ“‹ Details: Invalid email entered and sign in button clicked successfully
15:46:41.654 - âœ… STEP 5/6: Click 'Login with Password' - SUCCESS
15:46:41.656 -    ğŸ“‹ Details: Login with Password button found and clicked successfully
15:46:45.919 - âœ… STEP 6/6: Enter password and click 'Sign in' - SUCCESS
15:46:45.923 -    ğŸ“‹ Details: Password entered and sign in button clicked successfully
15:46:46.000 - âœ… STEP VALIDATION: Check error message - SUCCESS
15:46:46.008 -    ğŸ“‹ Details: Error message displayed correctly: The supplied auth credential is incorrect, malformed or has expired.
15:46:46.012 - === TEST COMPLETED: Invalid Email Login - PASSED ===
15:46:51.209 - === STARTING TEST: Invalid Password Login ===
15:46:56.945 - âœ… STEP 1/6: Click 'Tap to Start' - SUCCESS
15:46:56.948 -    ğŸ“‹ Details: Element found and clicked successfully
15:46:59.547 - âœ… STEP 2/6: Click button on second screen - SUCCESS
15:46:59.549 -    ğŸ“‹ Details: Button found and clicked successfully
15:47:02.614 - âœ… STEP 3/6: Select 'Saw an advertisement' and click 'Continue' - SUCCESS
15:47:02.620 -    ğŸ“‹ Details: Both elements found and clicked successfully
15:47:07.146 - âœ… STEP 4/6: Enter email and click 'Sign in' - SUCCESS
15:47:07.148 -    ğŸ“‹ Details: Email entered and sign in button clicked successfully
15:47:10.374 - âœ… STEP 5/6: Click 'Login with Password' - SUCCESS
15:47:10.375 -    ğŸ“‹ Details: Login with Password button found and clicked successfully
15:47:14.582 - âœ… STEP 6/6: Enter INVALID password and click 'Sign in' - SUCCESS
15:47:14.584 -    ğŸ“‹ Details: Invalid password entered and sign in button clicked successfully
15:47:14.654 - âœ… STEP VALIDATION: Check error message - SUCCESS
15:47:14.654 -    ğŸ“‹ Details: Error message displayed correctly: The supplied auth credential is incorrect, malformed or has expired.
15:47:14.655 - === TEST COMPLETED: Invalid Password Login - PASSED ===
15:47:25.031 - === STARTING TEST: Successful Login ===
15:47:32.312 - âœ… STEP 1/6: Click 'Tap to Start' - SUCCESS
15:47:32.314 -    ğŸ“‹ Details: Element found and clicked successfully
15:47:36.366 - âœ… STEP 2/6: Click button on second screen - SUCCESS
15:47:36.368 -    ğŸ“‹ Details: Button found and clicked successfully
15:47:39.411 - âœ… STEP 3/6: Select 'Saw an advertisement' and click 'Continue' - SUCCESS
15:47:39.417 -    ğŸ“‹ Details: Both elements found and clicked successfully
15:47:44.366 - âœ… STEP 4/6: Enter email and click 'Sign in' - SUCCESS
15:47:44.369 -    ğŸ“‹ Details: Email entered and sign in button clicked successfully
15:47:47.608 - âœ… STEP 5/6: Click 'Login with Password' - SUCCESS
15:47:47.609 -    ğŸ“‹ Details: Login with Password button found and clicked successfully
15:48:07.695 - âŒ STEP 6/6: Enter password and click 'Sign in' - FAILED
15:48:07.696 -    ğŸ” Error Details: Error: An element could not be located on the page using the given search parameters.
For documentation on this error, please visit: https://www.selenium.dev/documentation/webdriver/troubleshooting/errors#no-such-element-exception
Build info: version: '4.11.0', revision: '040bc5406b'
System info: os.name: 'Mac OS X', os.arch: 'x86_64', os.version: '15.3.2', java.version: '21.0.8'
Driver info: io.appium.java_client.android.AndroidDriver
Command: [ed412ee0-4e8c-45c2-aefa-f03ae9ddd781, findElement {using=xpath, value=//android.widget.EditText}]
Capabilities {appium:appActivity: com.raising.prodigy.MainAct..., appium:appPackage: com.raising.prodigy, appium:autoGrantPermissions: true, appium:automationName: UiAutomator2, appium:databaseEnabled: false, appium:desired: {appActivity: com.raising.prodigy.MainAct..., appPackage: com.raising.prodigy, autoGrantPermissions: true, automationName: UiAutomator2, deviceName: emulator-5554, noReset: false, platformName: ANDROID, platformVersion: 16}, appium:deviceApiLevel: 36, appium:deviceManufacturer: Google, appium:deviceModel: sdk_gphone64_arm64, appium:deviceName: emulator-5554, appium:deviceScreenDensity: 420, appium:deviceScreenSize: 1080x2400, appium:deviceUDID: emulator-5554, appium:javascriptEnabled: true, appium:locationContextEnabled: false, appium:networkConnectionEnabled: true, appium:noReset: false, appium:pixelRatio: 2.625, appium:platformVersion: 16, appium:statBarHeight: 136, appium:takesScreenshot: true, appium:viewportRect: {height: 2264, left: 0, top: 136, width: 1080}, appium:warnings: {}, appium:webStorageEnabled: false, platformName: ANDROID}
Session ID: ed412ee0-4e8c-45c2-aefa-f03ae9ddd781
15:53:58.900 - === STARTING TEST: Invalid Password Login ===
15:54:09.243 - âœ… STEP 1/6: Click 'Tap to Start' - SUCCESS
15:54:09.245 -    ğŸ“‹ Details: Element found and clicked successfully
15:54:13.192 - âœ… STEP 2/6: Click button on second screen - SUCCESS
15:54:13.193 -    ğŸ“‹ Details: Button found and clicked successfully
15:54:16.259 - âœ… STEP 3/6: Select 'Saw an advertisement' and click 'Continue' - SUCCESS
15:54:16.261 -    ğŸ“‹ Details: Both elements found and clicked successfully
15:54:20.734 - âœ… STEP 4/6: Enter email and click 'Sign in' - SUCCESS
15:54:20.734 -    ğŸ“‹ Details: Email entered and sign in button clicked successfully
15:54:28.742 - âœ… STEP 5/6: Click 'Login with Password' - SUCCESS
15:54:28.743 -    ğŸ“‹ Details: Login with Password button found and clicked successfully
15:54:33.242 - âœ… STEP 6/6: Enter INVALID password and click 'Sign in' - SUCCESS
15:54:33.243 -    ğŸ“‹ Details: Invalid password entered and sign in button clicked successfully
15:54:33.314 - âœ… STEP VALIDATION: Check error message - SUCCESS
15:54:33.314 -    ğŸ“‹ Details: Error message displayed correctly: The supplied auth credential is incorrect, malformed or has expired.
15:54:33.315 - === TEST COMPLETED: Invalid Password Login - PASSED ===
16:31:46.149 - === STARTING TEST: Invalid Password Login ===
16:31:56.691 - âœ… STEP 1/6: Click 'Tap to Start' - SUCCESS
16:31:56.693 -    ğŸ“‹ Details: Element found and clicked successfully
16:32:00.189 - âœ… STEP 2/6: Click button on second screen - SUCCESS
16:32:00.192 -    ğŸ“‹ Details: Button found and clicked successfully
16:32:03.278 - âœ… STEP 3/6: Select 'Saw an advertisement' and click 'Continue' - SUCCESS
16:32:03.279 -    ğŸ“‹ Details: Both elements found and clicked successfully
16:32:07.952 - âœ… STEP 4/6: Enter email and click 'Sign in' - SUCCESS
16:32:07.953 -    ğŸ“‹ Details: Email entered and sign in button clicked successfully
16:32:11.214 - âœ… STEP 5/6: Click 'Login with Password' - SUCCESS
16:32:11.214 -    ğŸ“‹ Details: Login with Password button found and clicked successfully
16:32:14.945 - âœ… STEP 6/6: Enter INVALID password and click 'Sign in' - SUCCESS
16:32:14.947 -    ğŸ“‹ Details: Invalid password entered and sign in button clicked successfully
16:32:15.022 - âœ… STEP VALIDATION: Check error message - SUCCESS
16:32:15.022 -    ğŸ“‹ Details: Error message displayed correctly: The supplied auth credential is incorrect, malformed or has expired.
16:32:15.023 - === TEST COMPLETED: Invalid Password Login - PASSED ===
16:38:24.012 - === STARTING TEST: Successful Login ===
16:38:38.481 - âœ… STEP 1/6: Click 'Tap to Start' - SUCCESS
16:38:38.489 -    ğŸ“‹ Details: Element found and clicked successfully
16:38:42.608 - âœ… STEP 2/6: Click button on second screen - SUCCESS
16:38:42.609 -    ğŸ“‹ Details: Button found and clicked successfully
16:38:45.675 - âœ… STEP 3/6: Select 'Saw an advertisement' and click 'Continue' - SUCCESS
16:38:45.677 -    ğŸ“‹ Details: Both elements found and clicked successfully
16:38:50.862 - âœ… STEP 4/6: Enter email and click 'Sign in' - SUCCESS
16:38:50.863 -    ğŸ“‹ Details: Email entered and sign in button clicked successfully
16:38:58.443 - âœ… STEP 5/6: Click 'Login with Password' - SUCCESS
16:38:58.446 -    ğŸ“‹ Details: Login with Password button found and clicked successfully
16:39:02.223 - âœ… STEP 6/6: Enter password and click 'Sign in' - SUCCESS
16:39:02.224 -    ğŸ“‹ Details: Password entered and sign in button clicked successfully
16:39:04.971 - âœ… STEP VALIDATION: Check home page - SUCCESS
16:39:04.972 -    ğŸ“‹ Details: Home page displayed with Activity Streak: Activity Streak
0 Week Streak
Mon
Tue
Wed
Thu
Fri
Sat
Sun
16:39:04.973 - === TEST COMPLETED: Successful Login - PASSED ===
16:39:11.996 - === STARTING TEST: Invalid Email Login ===
16:39:17.537 - âœ… STEP 1/6: Click 'Tap to Start' - SUCCESS
16:39:17.543 -    ğŸ“‹ Details: Element found and clicked successfully
16:39:21.452 - âœ… STEP 2/6: Click button on second screen - SUCCESS
16:39:21.454 -    ğŸ“‹ Details: Button found and clicked successfully
16:39:24.535 - âœ… STEP 3/6: Select 'Saw an advertisement' and click 'Continue' - SUCCESS
16:39:24.538 -    ğŸ“‹ Details: Both elements found and clicked successfully
16:39:29.641 - âœ… STEP 4/6: Enter INVALID email and click 'Sign in' - SUCCESS
16:39:29.642 -    ğŸ“‹ Details: Invalid email entered and sign in button clicked successfully
16:39:32.937 - âœ… STEP 5/6: Click 'Login with Password' - SUCCESS
16:39:32.941 -    ğŸ“‹ Details: Login with Password button found and clicked successfully
16:39:36.244 - âœ… STEP 6/6: Enter password and click 'Sign in' - SUCCESS
16:39:36.248 -    ğŸ“‹ Details: Password entered and sign in button clicked successfully
16:39:36.339 - âœ… STEP VALIDATION: Check error message - SUCCESS
16:39:36.341 -    ğŸ“‹ Details: Error message displayed correctly: The supplied auth credential is incorrect, malformed or has expired.
16:39:36.344 - === TEST COMPLETED: Invalid Email Login - PASSED ===
16:39:41.943 - === STARTING TEST: Invalid Password Login ===
16:39:47.435 - âœ… STEP 1/6: Click 'Tap to Start' - SUCCESS
16:39:47.437 -    ğŸ“‹ Details: Element found and clicked successfully
16:39:50.917 - âœ… STEP 2/6: Click button on second screen - SUCCESS
16:39:50.921 -    ğŸ“‹ Details: Button found and clicked successfully
16:39:53.985 - âœ… STEP 3/6: Select 'Saw an advertisement' and click 'Continue' - SUCCESS
16:39:53.989 -    ğŸ“‹ Details: Both elements found and clicked successfully
16:39:58.495 - âœ… STEP 4/6: Enter email and click 'Sign in' - SUCCESS
16:39:58.495 -    ğŸ“‹ Details: Email entered and sign in button clicked successfully
16:40:01.761 - âœ… STEP 5/6: Click 'Login with Password' - SUCCESS
16:40:01.763 -    ğŸ“‹ Details: Login with Password button found and clicked successfully
16:40:05.951 - âœ… STEP 6/6: Enter INVALID password and click 'Sign in' - SUCCESS
16:40:05.953 -    ğŸ“‹ Details: Invalid password entered and sign in button clicked successfully
16:40:26.007 - âŒ STEP VALIDATION: Check error message - FAILED
16:40:26.008 -    ğŸ” Error Details: Error: An element could not be located on the page using the given search parameters.
For documentation on this error, please visit: https://www.selenium.dev/documentation/webdriver/troubleshooting/errors#no-such-element-exception
Build info: version: '4.11.0', revision: '040bc5406b'
System info: os.name: 'Mac OS X', os.arch: 'x86_64', os.version: '15.3.2', java.version: '21.0.8'
Driver info: io.appium.java_client.android.AndroidDriver
Command: [b331c27a-518b-4369-8014-e9fb20bfb159, findElement {using=xpath, value=//android.view.View[@content-desc="The supplied auth credential is incorrect, malformed or has expired."]}]
Capabilities {appium:appActivity: com.raising.prodigy.MainAct..., appium:appPackage: com.raising.prodigy, appium:autoGrantPermissions: true, appium:automationName: UiAutomator2, appium:databaseEnabled: false, appium:desired: {appActivity: com.raising.prodigy.MainAct..., appPackage: com.raising.prodigy, autoGrantPermissions: true, automationName: UiAutomator2, deviceName: emulator-5554, noReset: false, platformName: ANDROID, platformVersion: 16}, appium:deviceApiLevel: 36, appium:deviceManufacturer: Google, appium:deviceModel: sdk_gphone64_arm64, appium:deviceName: emulator-5554, appium:deviceScreenDensity: 420, appium:deviceScreenSize: 1080x2400, appium:deviceUDID: emulator-5554, appium:javascriptEnabled: true, appium:locationContextEnabled: false, appium:networkConnectionEnabled: true, appium:noReset: false, appium:pixelRatio: 2.625, appium:platformVersion: 16, appium:statBarHeight: 136, appium:takesScreenshot: true, appium:viewportRect: {height: 2264, left: 0, top: 136, width: 1080}, appium:warnings: {}, appium:webStorageEnabled: false, platformName: ANDROID}
Session ID: b331c27a-518b-4369-8014-e9fb20bfb159
16:40:36.507 - === STARTING TEST: Successful Login ===
16:41:17.700 - âŒ STEP 1/6: Click 'Tap to Start' - FAILED
16:41:17.705 -    ğŸ” Error Details: Error: An element could not be located on the page using the given search parameters.
For documentation on this error, please visit: https://www.selenium.dev/documentation/webdriver/troubleshooting/errors#no-such-element-exception
Build info: version: '4.11.0', revision: '040bc5406b'
System info: os.name: 'Mac OS X', os.arch: 'x86_64', os.version: '15.3.2', java.version: '21.0.8'
Driver info: io.appium.java_client.android.AndroidDriver
Command: [2e6b0882-f24d-4d7b-bc55-ae578b442306, findElement {using=xpath, value=//android.widget.ImageView[contains(@content-desc, 'Tap to Start')]}]
Capabilities {appium:appActivity: com.raising.prodigy.MainAct..., appium:appPackage: com.raising.prodigy, appium:autoGrantPermissions: true, appium:automationName: UiAutomator2, appium:databaseEnabled: false, appium:desired: {appActivity: com.raising.prodigy.MainAct..., appPackage: com.raising.prodigy, autoGrantPermissions: true, automationName: UiAutomator2, deviceName: emulator-5554, noReset: false, platformName: ANDROID, platformVersion: 16}, appium:deviceApiLevel: 36, appium:deviceManufacturer: Google, appium:deviceModel: sdk_gphone64_arm64, appium:deviceName: emulator-5554, appium:deviceScreenDensity: 420, appium:deviceScreenSize: 1080x2400, appium:deviceUDID: emulator-5554, appium:javascriptEnabled: true, appium:locationContextEnabled: false, appium:networkConnectionEnabled: true, appium:noReset: false, appium:pixelRatio: 2.625, appium:platformVersion: 16, appium:statBarHeight: 136, appium:takesScreenshot: true, appium:viewportRect: {height: 2264, left: 0, top: 136, width: 1080}, appium:warnings: {}, appium:webStorageEnabled: false, platformName: ANDROID}
Session ID: 2e6b0882-f24d-4d7b-bc55-ae578b442306
16:44:23.417 - === STARTING TEST: Successful Login ===
16:44:29.861 - âœ… STEP 1/6: Click 'Tap to Start' - SUCCESS
16:44:29.862 -    ğŸ“‹ Details: Element found and clicked successfully
16:44:34.380 - âœ… STEP 2/6: Click button on second screen - SUCCESS
16:44:34.381 -    ğŸ“‹ Details: Button found and clicked successfully
16:44:37.427 - âœ… STEP 3/6: Select 'Saw an advertisement' and click 'Continue' - SUCCESS
16:44:37.428 -    ğŸ“‹ Details: Both elements found and clicked successfully
16:44:42.394 - âœ… STEP 4/6: Enter email and click 'Sign in' - SUCCESS
16:44:42.396 -    ğŸ“‹ Details: Email entered and sign in button clicked successfully
16:44:49.957 - âœ… STEP 5/6: Click 'Login with Password' - SUCCESS
16:44:49.959 -    ğŸ“‹ Details: Login with Password button found and clicked successfully
16:44:53.677 - âœ… STEP 6/6: Enter password and click 'Sign in' - SUCCESS
16:44:53.679 -    ğŸ“‹ Details: Password entered and sign in button clicked successfully
16:44:55.495 - âœ… STEP VALIDATION: Check home page - SUCCESS
16:44:55.495 -    ğŸ“‹ Details: Home page displayed with Activity Streak: Activity Streak
0 Week Streak
Mon
Tue
Wed
Thu
Fri
Sat
Sun
16:44:55.496 - === TEST COMPLETED: Successful Login - PASSED ===
16:45:10.039 - === STARTING TEST: Invalid Email Login ===
16:45:15.759 - âœ… STEP 1/6: Click 'Tap to Start' - SUCCESS
16:45:15.761 -    ğŸ“‹ Details: Element found and clicked successfully
16:45:18.394 - âœ… STEP 2/6: Click button on second screen - SUCCESS
16:45:18.396 -    ğŸ“‹ Details: Button found and clicked successfully
16:45:21.575 - âœ… STEP 3/6: Select 'Saw an advertisement' and click 'Continue' - SUCCESS
16:45:21.576 -    ğŸ“‹ Details: Both elements found and clicked successfully
16:45:26.021 - âœ… STEP 4/6: Enter INVALID email and click 'Sign in' - SUCCESS
16:45:26.022 -    ğŸ“‹ Details: Invalid email entered and sign in button clicked successfully
16:45:29.270 - âœ… STEP 5/6: Click 'Login with Password' - SUCCESS
16:45:29.271 -    ğŸ“‹ Details: Login with Password button found and clicked successfully
16:45:33.432 - âœ… STEP 6/6: Enter password and click 'Sign in' - SUCCESS
16:45:33.434 -    ğŸ“‹ Details: Password entered and sign in button clicked successfully
16:45:33.495 - âœ… STEP VALIDATION: Check error message - SUCCESS
16:45:33.495 -    ğŸ“‹ Details: Error message displayed correctly: The supplied auth credential is incorrect, malformed or has expired.
16:45:33.496 - === TEST COMPLETED: Invalid Email Login - PASSED ===
16:45:47.991 - === STARTING TEST: Invalid Password Login ===
16:45:53.810 - âœ… STEP 1/6: Click 'Tap to Start' - SUCCESS
16:45:53.811 -    ğŸ“‹ Details: Element found and clicked successfully
16:45:56.412 - âœ… STEP 2/6: Click button on second screen - SUCCESS
16:45:56.413 -    ğŸ“‹ Details: Button found and clicked successfully
16:46:16.481 - âŒ STEP 3/6: Select 'Saw an advertisement' and click 'Continue' - FAILED
16:46:16.482 -    ğŸ” Error Details: Error: An element could not be located on the page using the given search parameters.
For documentation on this error, please visit: https://www.selenium.dev/documentation/webdriver/troubleshooting/errors#no-such-element-exception
Build info: version: '4.11.0', revision: '040bc5406b'
System info: os.name: 'Mac OS X', os.arch: 'aarch64', os.version: '15.3.2', java.version: '24.0.2'
Driver info: io.appium.java_client.android.AndroidDriver
Command: [a4de680b-e145-44a6-a945-1922ad53b4e6, findElement {using=xpath, value=//*[@content-desc="Saw an advertisement"]}]
Capabilities {appium:appActivity: com.raising.prodigy.MainAct..., appium:appPackage: com.raising.prodigy, appium:autoGrantPermissions: true, appium:automationName: UiAutomator2, appium:databaseEnabled: false, appium:desired: {appActivity: com.raising.prodigy.MainAct..., appPackage: com.raising.prodigy, autoGrantPermissions: true, automationName: UiAutomator2, deviceName: emulator-5554, noReset: false, platformName: ANDROID, platformVersion: 16}, appium:deviceApiLevel: 36, appium:deviceManufacturer: Google, appium:deviceModel: sdk_gphone64_arm64, appium:deviceName: emulator-5554, appium:deviceScreenDensity: 420, appium:deviceScreenSize: 1080x2400, appium:deviceUDID: emulator-5554, appium:javascriptEnabled: true, appium:locationContextEnabled: false, appium:networkConnectionEnabled: true, appium:noReset: false, appium:pixelRatio: 2.625, appium:platformVersion: 16, appium:statBarHeight: 136, appium:takesScreenshot: true, appium:viewportRect: {height: 2264, left: 0, top: 136, width: 1080}, appium:warnings: {}, appium:webStorageEnabled: false, platformName: ANDROID}
Session ID: a4de680b-e145-44a6-a945-1922ad53b4e6
16:46:35.983 - === STARTING TEST: Successful Login ===
16:46:42.790 - âœ… STEP 1/6: Click 'Tap to Start' - SUCCESS
16:46:42.791 -    ğŸ“‹ Details: Element found and clicked successfully
16:46:47.333 - âœ… STEP 2/6: Click button on second screen - SUCCESS
16:46:47.333 -    ğŸ“‹ Details: Button found and clicked successfully
16:46:50.552 - âœ… STEP 3/6: Select 'Saw an advertisement' and click 'Continue' - SUCCESS
16:46:50.553 -    ğŸ“‹ Details: Both elements found and clicked successfully
16:46:55.528 - âœ… STEP 4/6: Enter email and click 'Sign in' - SUCCESS
16:46:55.528 -    ğŸ“‹ Details: Email entered and sign in button clicked successfully
16:46:58.773 - âœ… STEP 5/6: Click 'Login with Password' - SUCCESS
16:46:58.774 -    ğŸ“‹ Details: Login with Password button found and clicked successfully
16:47:02.049 - âœ… STEP 6/6: Enter password and click 'Sign in' - SUCCESS
16:47:02.050 -    ğŸ“‹ Details: Password entered and sign in button clicked successfully
16:47:04.293 - âœ… STEP VALIDATION: Check home page - SUCCESS
16:47:04.294 -    ğŸ“‹ Details: Home page displayed with Activity Streak: Activity Streak
0 Week Streak
Mon
Tue
Wed
Thu
Fri
Sat
Sun
16:47:04.295 - === TEST COMPLETED: Successful Login - PASSED ===
