<?xml version="1.0" encoding="UTF-8"?>
<!-- Generated by org.testng.reporters.JUnitXMLReporter -->
<testsuite ignored="0" hostname="ABCOM-C02GC2A4Q05Q.local" failures="0" tests="3" name="Surefire test" time="178.654" errors="0" timestamp="2025-09-18T18:48:43 IST">
  <testcase classname="tests.LoginTest" name="testSuccessfulLogin" time="23.921"/>
  <testcase classname="tests.LoginTest" name="testLoginWithInvalidEmail" time="17.828"/>
  <testcase classname="tests.LoginTest" name="testLoginWithInvalidPassword" time="19.907"/>
</testsuite> <!-- Surefire test -->
