<?xml version="1.0" encoding="UTF-8"?>
<!-- Generated by org.testng.reporters.JUnitXMLReporter -->
<testsuite ignored="2" hostname="ABCOM-C02GC2A4Q05Q.local" failures="0" tests="1" name="Surefire test" time="40.041" errors="0" timestamp="2025-09-15T16:25:32 IST">
  <testcase classname="tests.LoginTest" name="testSuccessfulLogin" time="25.971"/>
  <testcase classname="tests.LoginTest" name="testLoginWithInvalidEmail" time="0.0">
    <ignored/>
  </testcase> <!-- testLoginWithInvalidEmail -->
  <testcase classname="tests.LoginTest" name="testLoginWithInvalidPassword" time="0.0">
    <ignored/>
  </testcase> <!-- testLoginWithInvalidPassword -->
</testsuite> <!-- Surefire test -->
