<?xml version="1.0" encoding="UTF-8"?>
<testsuite xmlns:xsi="http://www.w3.org/2001/XMLSchema-instance" xsi:noNamespaceSchemaLocation="https://maven.apache.org/surefire/maven-surefire-plugin/xsd/surefire-test-report.xsd" version="3.0.1" name="TestSuite" time="129.422" tests="3" errors="0" skipped="0" failures="1">
  <properties>
[...]
</properties>
  <testcase name="testSuccessfulLogin" classname="tests.LoginTest" time="35.407">
    <system-out><![CDATA[🔧 Setting up Login Test...
🔧 Setting up test with app reset...
🔧 Setting up driver with app reset...
🔄 Resetting app to start fresh...
🛑 Force stopping the app...
🧹 Clearing app data...
🗑️ Clearing app cache...
🔄 Resetting app permissions...
✅ App reset completed!
🔧 Setting up the driver...
✅ Driver setup completed!
✅ Driver setup with reset completed!
✅ Test setup with reset completed!
✅ Login Test setup completed!
🧪 TEST CASE 1: SUCCESSFUL LOGIN - STARTING
🚀 Starting Login Flow...
✅ Login Flow Completed Successfully!
📊 Test Result Added: Successful Login - PASSED
✅ TEST CASE 1: SUCCESSFUL LOGIN - PASSED
]]></system-out>
    <system-err><![CDATA[SLF4J: No SLF4J providers were found.
SLF4J: Defaulting to no-operation (NOP) logger implementation
SLF4J: See https://www.slf4j.org/codes.html#noProviders for further details.
]]></system-err>
  </testcase>
  <testcase name="testLoginWithInvalidEmail" classname="tests.LoginTest" time="29.203">
    <system-out><![CDATA[🧹 Cleaning up Login Test...
🧹 Cleaning up test...
✅ App kept open for debugging!
✅ Test cleanup completed!
✅ Login Test cleanup completed!
🔧 Setting up Login Test...
🔧 Setting up test with app reset...
🔧 Setting up driver with app reset...
🔄 Resetting app to start fresh...
🛑 Force stopping the app...
🧹 Clearing app data...
🗑️ Clearing app cache...
🔄 Resetting app permissions...
✅ App reset completed!
🔧 Setting up the driver...
✅ Driver setup completed!
✅ Driver setup with reset completed!
✅ Test setup with reset completed!
✅ Login Test setup completed!
🧪 TEST CASE 2: INVALID EMAIL LOGIN - STARTING
🚀 Starting Login Flow with Invalid Email...
✅ Invalid Email Login Flow Completed!
📊 Test Result Added: Invalid Email Login - PASSED
✅ TEST CASE 2: INVALID EMAIL LOGIN - PASSED
]]></system-out>
  </testcase>
  <testcase name="testLoginWithInvalidPassword" classname="tests.LoginTest" time="15.062">
    <failure message="An element could not be located on the page using the given search parameters.&#10;For documentation on this error, please visit: https://www.selenium.dev/documentation/webdriver/troubleshooting/errors#no-such-element-exception&#10;Build info: version: &apos;4.11.0&apos;, revision: &apos;040bc5406b&apos;&#10;System info: os.name: &apos;Mac OS X&apos;, os.arch: &apos;aarch64&apos;, os.version: &apos;15.3.2&apos;, java.version: &apos;24.0.2&apos;&#10;Driver info: io.appium.java_client.android.AndroidDriver&#10;Command: [495269ab-5e74-4e77-8cbe-a21cb0fc2f83, findElement {using=xpath, value=//android.widget.ImageView[contains(@content-desc, &apos;Tap to Start&apos;)]}]&#10;Capabilities {appium:appActivity: com.raising.prodigy.MainAct..., appium:appPackage: com.raising.prodigy, appium:autoGrantPermissions: true, appium:automationName: UiAutomator2, appium:databaseEnabled: false, appium:desired: {appActivity: com.raising.prodigy.MainAct..., appPackage: com.raising.prodigy, autoGrantPermissions: true, automationName: UiAutomator2, deviceName: emulator-5554, noReset: false, platformName: ANDROID, platformVersion: 16}, appium:deviceApiLevel: 36, appium:deviceManufacturer: Google, appium:deviceModel: sdk_gphone64_arm64, appium:deviceName: emulator-5554, appium:deviceScreenDensity: 420, appium:deviceScreenSize: 1080x2400, appium:deviceUDID: emulator-5554, appium:javascriptEnabled: true, appium:locationContextEnabled: false, appium:networkConnectionEnabled: true, appium:noReset: false, appium:pixelRatio: 2.625, appium:platformVersion: 16, appium:statBarHeight: 136, appium:takesScreenshot: true, appium:viewportRect: {height: 2264, left: 0, top: 136, width: 1080}, appium:warnings: {}, appium:webStorageEnabled: false, platformName: ANDROID}&#10;Session ID: 495269ab-5e74-4e77-8cbe-a21cb0fc2f83" type="org.openqa.selenium.NoSuchElementException"><![CDATA[org.openqa.selenium.NoSuchElementException: 
An element could not be located on the page using the given search parameters.
For documentation on this error, please visit: https://www.selenium.dev/documentation/webdriver/troubleshooting/errors#no-such-element-exception
Build info: version: '4.11.0', revision: '040bc5406b'
System info: os.name: 'Mac OS X', os.arch: 'aarch64', os.version: '15.3.2', java.version: '24.0.2'
Driver info: io.appium.java_client.android.AndroidDriver
Command: [495269ab-5e74-4e77-8cbe-a21cb0fc2f83, findElement {using=xpath, value=//android.widget.ImageView[contains(@content-desc, 'Tap to Start')]}]
Capabilities {appium:appActivity: com.raising.prodigy.MainAct..., appium:appPackage: com.raising.prodigy, appium:autoGrantPermissions: true, appium:automationName: UiAutomator2, appium:databaseEnabled: false, appium:desired: {appActivity: com.raising.prodigy.MainAct..., appPackage: com.raising.prodigy, autoGrantPermissions: true, automationName: UiAutomator2, deviceName: emulator-5554, noReset: false, platformName: ANDROID, platformVersion: 16}, appium:deviceApiLevel: 36, appium:deviceManufacturer: Google, appium:deviceModel: sdk_gphone64_arm64, appium:deviceName: emulator-5554, appium:deviceScreenDensity: 420, appium:deviceScreenSize: 1080x2400, appium:deviceUDID: emulator-5554, appium:javascriptEnabled: true, appium:locationContextEnabled: false, appium:networkConnectionEnabled: true, appium:noReset: false, appium:pixelRatio: 2.625, appium:platformVersion: 16, appium:statBarHeight: 136, appium:takesScreenshot: true, appium:viewportRect: {height: 2264, left: 0, top: 136, width: 1080}, appium:warnings: {}, appium:webStorageEnabled: false, platformName: ANDROID}
Session ID: 495269ab-5e74-4e77-8cbe-a21cb0fc2f83
	at java.base/jdk.internal.reflect.DirectConstructorHandleAccessor.newInstance(DirectConstructorHandleAccessor.java:62)
	at java.base/java.lang.reflect.Constructor.newInstanceWithCaller(Constructor.java:499)
	at java.base/java.lang.reflect.Constructor.newInstance(Constructor.java:483)
	at org.openqa.selenium.remote.codec.w3c.W3CHttpResponseCodec.createException(W3CHttpResponseCodec.java:200)
	at org.openqa.selenium.remote.codec.w3c.W3CHttpResponseCodec.decode(W3CHttpResponseCodec.java:133)
	at org.openqa.selenium.remote.codec.w3c.W3CHttpResponseCodec.decode(W3CHttpResponseCodec.java:52)
	at org.openqa.selenium.remote.HttpCommandExecutor.execute(HttpCommandExecutor.java:191)
	at io.appium.java_client.remote.AppiumCommandExecutor.execute(AppiumCommandExecutor.java:250)
	at org.openqa.selenium.remote.RemoteWebDriver.execute(RemoteWebDriver.java:518)
	at org.openqa.selenium.remote.ElementLocation$ElementFinder$2.findElement(ElementLocation.java:165)
	at org.openqa.selenium.remote.ElementLocation.findElement(ElementLocation.java:59)
	at org.openqa.selenium.remote.RemoteWebDriver.findElement(RemoteWebDriver.java:355)
	at org.openqa.selenium.remote.RemoteWebDriver.findElement(RemoteWebDriver.java:349)
	at pages.LoginPage.completeLoginFlowWithInvalidPassword(LoginPage.java:120)
	at tests.LoginTest.testLoginWithInvalidPassword(LoginTest.java:116)
	at java.base/jdk.internal.reflect.DirectMethodHandleAccessor.invoke(DirectMethodHandleAccessor.java:104)
	at java.base/java.lang.reflect.Method.invoke(Method.java:565)
	at org.testng.internal.invokers.MethodInvocationHelper.invokeMethod(MethodInvocationHelper.java:141)
	at org.testng.internal.invokers.TestInvoker.invokeMethod(TestInvoker.java:686)
	at org.testng.internal.invokers.TestInvoker.invokeTestMethod(TestInvoker.java:230)
	at org.testng.internal.invokers.MethodRunner.runInSequence(MethodRunner.java:63)
	at org.testng.internal.invokers.TestInvoker$MethodInvocationAgent.invoke(TestInvoker.java:992)
	at org.testng.internal.invokers.TestInvoker.invokeTestMethods(TestInvoker.java:203)
	at org.testng.internal.invokers.TestMethodWorker.invokeTestMethods(TestMethodWorker.java:154)
	at org.testng.internal.invokers.TestMethodWorker.run(TestMethodWorker.java:134)
	at java.base/java.util.ArrayList.forEach(ArrayList.java:1604)
	at org.testng.TestRunner.privateRun(TestRunner.java:739)
	at org.testng.TestRunner.run(TestRunner.java:614)
	at org.testng.SuiteRunner.runTest(SuiteRunner.java:421)
	at org.testng.SuiteRunner.runSequentially(SuiteRunner.java:413)
	at org.testng.SuiteRunner.privateRun(SuiteRunner.java:373)
	at org.testng.SuiteRunner.run(SuiteRunner.java:312)
	at org.testng.SuiteRunnerWorker.runSuite(SuiteRunnerWorker.java:52)
	at org.testng.SuiteRunnerWorker.run(SuiteRunnerWorker.java:95)
	at org.testng.TestNG.runSuitesSequentially(TestNG.java:1274)
	at org.testng.TestNG.runSuitesLocally(TestNG.java:1208)
	at org.testng.TestNG.runSuites(TestNG.java:1112)
	at org.testng.TestNG.run(TestNG.java:1079)
	at org.apache.maven.surefire.testng.TestNGExecutor.run(TestNGExecutor.java:308)
	at org.apache.maven.surefire.testng.TestNGXmlTestSuite.execute(TestNGXmlTestSuite.java:71)
	at org.apache.maven.surefire.testng.TestNGProvider.invoke(TestNGProvider.java:113)
	at org.apache.maven.surefire.booter.ForkedBooter.runSuitesInProcess(ForkedBooter.java:385)
	at org.apache.maven.surefire.booter.ForkedBooter.execute(ForkedBooter.java:162)
	at org.apache.maven.surefire.booter.ForkedBooter.run(ForkedBooter.java:507)
	at org.apache.maven.surefire.booter.ForkedBooter.main(ForkedBooter.java:495)
]]></failure>
    <system-out><![CDATA[🧹 Cleaning up Login Test...
🧹 Cleaning up test...
✅ App kept open for debugging!
✅ Test cleanup completed!
✅ Login Test cleanup completed!
🔧 Setting up Login Test...
🔧 Setting up test with app reset...
🔧 Setting up driver with app reset...
🔄 Resetting app to start fresh...
🛑 Force stopping the app...
🧹 Clearing app data...
🗑️ Clearing app cache...
🔄 Resetting app permissions...
✅ App reset completed!
🔧 Setting up the driver...
✅ Driver setup completed!
✅ Driver setup with reset completed!
✅ Test setup with reset completed!
✅ Login Test setup completed!
🧪 TEST CASE 3: INVALID PASSWORD LOGIN - STARTING
🚀 Starting Login Flow with Invalid Password...
📊 Test Result Added: Invalid Password Login - FAILED
❌ TEST CASE 3: INVALID PASSWORD LOGIN - FAILED: An element could not be located on the page using the given search parameters.
For documentation on this error, please visit: https://www.selenium.dev/documentation/webdriver/troubleshooting/errors#no-such-element-exception
Build info: version: '4.11.0', revision: '040bc5406b'
System info: os.name: 'Mac OS X', os.arch: 'aarch64', os.version: '15.3.2', java.version: '24.0.2'
Driver info: io.appium.java_client.android.AndroidDriver
Command: [495269ab-5e74-4e77-8cbe-a21cb0fc2f83, findElement {using=xpath, value=//android.widget.ImageView[contains(@content-desc, 'Tap to Start')]}]
Capabilities {appium:appActivity: com.raising.prodigy.MainAct..., appium:appPackage: com.raising.prodigy, appium:autoGrantPermissions: true, appium:automationName: UiAutomator2, appium:databaseEnabled: false, appium:desired: {appActivity: com.raising.prodigy.MainAct..., appPackage: com.raising.prodigy, autoGrantPermissions: true, automationName: UiAutomator2, deviceName: emulator-5554, noReset: false, platformName: ANDROID, platformVersion: 16}, appium:deviceApiLevel: 36, appium:deviceManufacturer: Google, appium:deviceModel: sdk_gphone64_arm64, appium:deviceName: emulator-5554, appium:deviceScreenDensity: 420, appium:deviceScreenSize: 1080x2400, appium:deviceUDID: emulator-5554, appium:javascriptEnabled: true, appium:locationContextEnabled: false, appium:networkConnectionEnabled: true, appium:noReset: false, appium:pixelRatio: 2.625, appium:platformVersion: 16, appium:statBarHeight: 136, appium:takesScreenshot: true, appium:viewportRect: {height: 2264, left: 0, top: 136, width: 1080}, appium:warnings: {}, appium:webStorageEnabled: false, platformName: ANDROID}
Session ID: 495269ab-5e74-4e77-8cbe-a21cb0fc2f83
]]></system-out>
  </testcase>
</testsuite>