<?xml version="1.0" encoding="UTF-8"?>
<testng-results ignored="0" total="1" passed="1" failed="0" skipped="0">
  <reporter-output>
  </reporter-output>
  <suite started-at="2025-09-15T16:24:47 IST" name="Surefire suite" finished-at="2025-09-15T16:25:27 IST" duration-ms="40041">
    <groups>
    </groups>
    <test started-at="2025-09-15T16:24:47 IST" name="Surefire test" finished-at="2025-09-15T16:25:27 IST" duration-ms="40041">
      <class name="tests.LoginTest">
        <test-method is-config="true" signature="setUp()[pri:0, instance:tests.LoginTest@3e27ba32]" started-at="2025-09-15T16:24:47 IST" name="setUp" finished-at="2025-09-15T16:25:01 IST" duration-ms="14057" status="PASS">
          <reporter-output>
          </reporter-output>
        </test-method> <!-- setUp -->
        <test-method signature="testSuccessfulLogin()[pri:1, instance:tests.LoginTest@3e27ba32]" started-at="2025-09-15T16:25:01 IST" name="testSuccessfulLogin" description="Test successful login with valid credentials" finished-at="2025-09-15T16:25:27 IST" duration-ms="25971" status="PASS">
          <reporter-output>
          </reporter-output>
        </test-method> <!-- testSuccessfulLogin -->
        <test-method is-config="true" signature="tearDown()[pri:0, instance:tests.LoginTest@3e27ba32]" started-at="2025-09-15T16:25:27 IST" name="tearDown" finished-at="2025-09-15T16:25:27 IST" duration-ms="1" status="PASS">
          <reporter-output>
          </reporter-output>
        </test-method> <!-- tearDown -->
        <test-method is-config="true" signature="generateTestReport()[pri:0, instance:tests.LoginTest@3e27ba32]" started-at="2025-09-15T16:25:32 IST" name="generateTestReport" finished-at="2025-09-15T16:25:32 IST" duration-ms="3" status="PASS">
          <reporter-output>
          </reporter-output>
        </test-method> <!-- generateTestReport -->
      </class> <!-- tests.LoginTest -->
    </test> <!-- Surefire test -->
  </suite> <!-- Surefire suite -->
</testng-results>
