<?xml version="1.0" encoding="UTF-8"?>
<!-- Generated by org.testng.reporters.JUnitXMLReporter -->
<testsuite ignored="0" hostname="ABCOM-C02GC2A4Q05Q.local" failures="0" tests="3" name="Login Test Suite" time="193.164" errors="0" timestamp="2025-09-18T18:53:43 IST">
  <testcase classname="tests.LoginTest" name="testSuccessfulLogin" time="41.959"/>
  <testcase classname="tests.LoginTest" name="testLoginWithInvalidEmail" time="17.968"/>
  <testcase classname="tests.LoginTest" name="testLoginWithInvalidPassword" time="19.418"/>
</testsuite> <!-- Login Test Suite -->
